10:29:02.898 INFO  com.blog.BlogApplication [48] - Starting BlogApplication on lenovo with PID 26216 (D:\IDEA\blog\target\classes started by 静召 in D:\IDEA\blog)
10:29:02.899 INFO  com.blog.BlogApplication [597] - The following profiles are active: dev
10:29:03.512 INFO  o.h.validator.internal.util.Version [30] - HV000001: Hibernate Validator 5.3.5.Final
10:29:03.517 INFO  o.s.b.c.e.AnnotationConfigEmbeddedWebApplicationContext [583] - Refreshing org.springframework.boot.context.embedded.AnnotationConfigEmbeddedWebApplicationContext@58ca1e21: startup date [Thu Nov 11 10:29:03 CST 2021]; root of context hierarchy
10:29:08.387 INFO  o.s.b.c.e.t.TomcatEmbeddedServletContainer [89] - Tomcat initialized with port(s): 8080 (http)
10:29:08.496 INFO  o.a.catalina.core.StandardService [179] - Starting service [Tomcat]
10:29:08.497 INFO  o.a.catalina.core.StandardEngine [179] - Starting Servlet Engine: Apache Tomcat/8.5.20
10:29:08.728 INFO  o.a.c.c.C.[Tomcat].[localhost].[/] [179] - Initializing Spring embedded WebApplicationContext
10:29:08.729 INFO  o.s.web.context.ContextLoader [276] - Root WebApplicationContext: initialization completed in 5212 ms
10:29:09.377 INFO  o.s.b.w.s.ServletRegistrationBean [190] - Mapping servlet: 'dispatcherServlet' to [/]
10:29:09.381 INFO  o.s.b.w.s.FilterRegistrationBean [258] - Mapping filter: 'characterEncodingFilter' to: [/*]
10:29:09.559 INFO  o.s.b.w.s.FilterRegistrationBean [258] - Mapping filter: 'hiddenHttpMethodFilter' to: [/*]
10:29:09.560 INFO  o.s.b.w.s.FilterRegistrationBean [258] - Mapping filter: 'httpPutFormContentFilter' to: [/*]
10:29:09.561 INFO  o.s.b.w.s.FilterRegistrationBean [258] - Mapping filter: 'requestContextFilter' to: [/*]
10:29:16.358 INFO  o.s.o.j.LocalContainerEntityManagerFactoryBean [349] - Building JPA container EntityManagerFactory for persistence unit 'default'
10:29:16.516 INFO  o.h.jpa.internal.util.LogHelper [31] - HHH000204: Processing PersistenceUnitInfo [
	name: default
	...]
10:29:19.293 INFO  org.hibernate.Version [37] - HHH000412: Hibernate Core {5.0.12.Final}
10:29:19.294 INFO  org.hibernate.cfg.Environment [213] - HHH000206: hibernate.properties not found
10:29:19.295 INFO  org.hibernate.cfg.Environment [317] - HHH000021: Bytecode provider name : javassist
10:29:20.355 INFO  o.h.annotations.common.Version [66] - HCANN000001: Hibernate Commons Annotations {5.0.1.Final}
10:29:23.945 INFO  org.hibernate.dialect.Dialect [156] - HHH000400: Using dialect: org.hibernate.dialect.MySQL5Dialect
10:29:30.405 INFO  o.h.tool.hbm2ddl.SchemaUpdate [105] - HHH000228: Running hbm2ddl schema update
10:29:32.166 INFO  o.s.o.j.LocalContainerEntityManagerFactoryBean [379] - Initialized JPA EntityManagerFactory for persistence unit 'default'
10:29:32.583 INFO  o.h.h.i.QueryTranslatorFactoryInitiator [47] - HHH000397: Using ASTQueryTranslatorFactory
10:29:33.564 INFO  o.s.w.s.m.m.a.RequestMappingHandlerAdapter [534] - Looking for @ControllerAdvice: org.springframework.boot.context.embedded.AnnotationConfigEmbeddedWebApplicationContext@58ca1e21: startup date [Thu Nov 11 10:29:03 CST 2021]; root of context hierarchy
10:29:33.649 INFO  o.s.w.s.m.m.a.RequestMappingHandlerMapping [543] - Mapped "{[/about],methods=[GET]}" onto public java.lang.String com.blog.web.AboutShowController.about()
10:29:33.653 INFO  o.s.w.s.m.m.a.RequestMappingHandlerMapping [543] - Mapped "{[/admin/blogs/{id}/delete],methods=[GET]}" onto public java.lang.String com.blog.web.admin.BlogController.delete(java.lang.Long,org.springframework.web.servlet.mvc.support.RedirectAttributes)
10:29:33.654 INFO  o.s.w.s.m.m.a.RequestMappingHandlerMapping [543] - Mapped "{[/admin/blogs/search],methods=[POST]}" onto public java.lang.String com.blog.web.admin.BlogController.search(org.springframework.data.domain.Pageable,com.blog.vo.BlogQuery,org.springframework.ui.Model)
10:29:33.654 INFO  o.s.w.s.m.m.a.RequestMappingHandlerMapping [543] - Mapped "{[/admin/blogs/input],methods=[GET]}" onto public java.lang.String com.blog.web.admin.BlogController.input(org.springframework.ui.Model)
10:29:33.654 INFO  o.s.w.s.m.m.a.RequestMappingHandlerMapping [543] - Mapped "{[/admin/blogs],methods=[POST]}" onto public java.lang.String com.blog.web.admin.BlogController.post(com.blog.po.Blog,org.springframework.web.servlet.mvc.support.RedirectAttributes,javax.servlet.http.HttpSession)
10:29:33.655 INFO  o.s.w.s.m.m.a.RequestMappingHandlerMapping [543] - Mapped "{[/admin/blogs/{id}/input],methods=[GET]}" onto public java.lang.String com.blog.web.admin.BlogController.editInput(java.lang.Long,org.springframework.ui.Model)
10:29:33.655 INFO  o.s.w.s.m.m.a.RequestMappingHandlerMapping [543] - Mapped "{[/admin/blogs],methods=[GET]}" onto public java.lang.String com.blog.web.admin.BlogController.blogs(org.springframework.data.domain.Pageable,com.blog.vo.BlogQuery,org.springframework.ui.Model)
10:29:33.656 INFO  o.s.w.s.m.m.a.RequestMappingHandlerMapping [543] - Mapped "{[/admin/login],methods=[POST]}" onto public java.lang.String com.blog.web.admin.LoginController.login(java.lang.String,java.lang.String,javax.servlet.http.HttpSession,org.springframework.web.servlet.mvc.support.RedirectAttributes)
10:29:33.656 INFO  o.s.w.s.m.m.a.RequestMappingHandlerMapping [543] - Mapped "{[/admin],methods=[GET]}" onto public java.lang.String com.blog.web.admin.LoginController.loginPage()
10:29:33.657 INFO  o.s.w.s.m.m.a.RequestMappingHandlerMapping [543] - Mapped "{[/admin/logout],methods=[GET]}" onto public java.lang.String com.blog.web.admin.LoginController.logout(javax.servlet.http.HttpSession)
10:29:33.658 INFO  o.s.w.s.m.m.a.RequestMappingHandlerMapping [543] - Mapped "{[/admin/tags/{id}/delete],methods=[GET]}" onto public java.lang.String com.blog.web.admin.TagController.delete(java.lang.Long,org.springframework.web.servlet.mvc.support.RedirectAttributes)
10:29:33.659 INFO  o.s.w.s.m.m.a.RequestMappingHandlerMapping [543] - Mapped "{[/admin/tags],methods=[GET]}" onto public java.lang.String com.blog.web.admin.TagController.types(org.springframework.data.domain.Pageable,org.springframework.ui.Model)
10:29:33.659 INFO  o.s.w.s.m.m.a.RequestMappingHandlerMapping [543] - Mapped "{[/admin/tags/input],methods=[GET]}" onto public java.lang.String com.blog.web.admin.TagController.input(org.springframework.ui.Model)
10:29:33.659 INFO  o.s.w.s.m.m.a.RequestMappingHandlerMapping [543] - Mapped "{[/admin/tags],methods=[POST]}" onto public java.lang.String com.blog.web.admin.TagController.post(com.blog.po.Tag,org.springframework.validation.BindingResult,org.springframework.web.servlet.mvc.support.RedirectAttributes)
10:29:33.660 INFO  o.s.w.s.m.m.a.RequestMappingHandlerMapping [543] - Mapped "{[/admin/tags/{id}],methods=[POST]}" onto public java.lang.String com.blog.web.admin.TagController.editPost(com.blog.po.Tag,org.springframework.validation.BindingResult,java.lang.Long,org.springframework.web.servlet.mvc.support.RedirectAttributes)
10:29:33.660 INFO  o.s.w.s.m.m.a.RequestMappingHandlerMapping [543] - Mapped "{[/admin/tags/{id}/input],methods=[GET]}" onto public java.lang.String com.blog.web.admin.TagController.editInput(java.lang.Long,org.springframework.ui.Model)
10:29:33.662 INFO  o.s.w.s.m.m.a.RequestMappingHandlerMapping [543] - Mapped "{[/admin/types/{id}/delete],methods=[GET]}" onto public java.lang.String com.blog.web.admin.TypeController.delete(java.lang.Long,org.springframework.web.servlet.mvc.support.RedirectAttributes)
10:29:33.662 INFO  o.s.w.s.m.m.a.RequestMappingHandlerMapping [543] - Mapped "{[/admin/types],methods=[GET]}" onto public java.lang.String com.blog.web.admin.TypeController.types(org.springframework.data.domain.Pageable,org.springframework.ui.Model)
10:29:33.662 INFO  o.s.w.s.m.m.a.RequestMappingHandlerMapping [543] - Mapped "{[/admin/types/input],methods=[GET]}" onto public java.lang.String com.blog.web.admin.TypeController.input(org.springframework.ui.Model)
10:29:33.662 INFO  o.s.w.s.m.m.a.RequestMappingHandlerMapping [543] - Mapped "{[/admin/types],methods=[POST]}" onto public java.lang.String com.blog.web.admin.TypeController.post(com.blog.po.Type,org.springframework.validation.BindingResult,org.springframework.web.servlet.mvc.support.RedirectAttributes)
10:29:33.663 INFO  o.s.w.s.m.m.a.RequestMappingHandlerMapping [543] - Mapped "{[/admin/types/{id}],methods=[POST]}" onto public java.lang.String com.blog.web.admin.TypeController.editPost(com.blog.po.Type,org.springframework.validation.BindingResult,java.lang.Long,org.springframework.web.servlet.mvc.support.RedirectAttributes)
10:29:33.663 INFO  o.s.w.s.m.m.a.RequestMappingHandlerMapping [543] - Mapped "{[/admin/types/{id}/input],methods=[GET]}" onto public java.lang.String com.blog.web.admin.TypeController.editInput(java.lang.Long,org.springframework.ui.Model)
10:29:33.665 INFO  o.s.w.s.m.m.a.RequestMappingHandlerMapping [543] - Mapped "{[/archives],methods=[GET]}" onto public java.lang.String com.blog.web.ArchiveShowController.archives(org.springframework.ui.Model)
10:29:33.666 INFO  o.s.w.s.m.m.a.RequestMappingHandlerMapping [543] - Mapped "{[/comments/{blogId}],methods=[GET]}" onto public java.lang.String com.blog.web.CommentController.comments(java.lang.Long,org.springframework.ui.Model)
10:29:33.666 INFO  o.s.w.s.m.m.a.RequestMappingHandlerMapping [543] - Mapped "{[/comments],methods=[POST]}" onto public java.lang.String com.blog.web.CommentController.post(com.blog.po.Comment,javax.servlet.http.HttpSession)
10:29:33.667 INFO  o.s.w.s.m.m.a.RequestMappingHandlerMapping [543] - Mapped "{[/],methods=[GET]}" onto public java.lang.String com.blog.web.IndexController.index(org.springframework.data.domain.Pageable,org.springframework.ui.Model)
10:29:33.667 INFO  o.s.w.s.m.m.a.RequestMappingHandlerMapping [543] - Mapped "{[/search],methods=[POST]}" onto public java.lang.String com.blog.web.IndexController.search(org.springframework.data.domain.Pageable,java.lang.String,org.springframework.ui.Model)
10:29:33.667 INFO  o.s.w.s.m.m.a.RequestMappingHandlerMapping [543] - Mapped "{[/blog/{id}],methods=[GET]}" onto public java.lang.String com.blog.web.IndexController.blog(java.lang.Long,org.springframework.ui.Model)
10:29:33.668 INFO  o.s.w.s.m.m.a.RequestMappingHandlerMapping [543] - Mapped "{[/footer/newblog],methods=[GET]}" onto public java.lang.String com.blog.web.IndexController.newblogs(org.springframework.ui.Model)
10:29:33.668 INFO  o.s.w.s.m.m.a.RequestMappingHandlerMapping [543] - Mapped "{[/tags/{id}],methods=[GET]}" onto public java.lang.String com.blog.web.TagShowController.types(org.springframework.data.domain.Pageable,java.lang.Long,org.springframework.ui.Model)
10:29:33.668 INFO  o.s.w.s.m.m.a.RequestMappingHandlerMapping [543] - Mapped "{[/types/{id}],methods=[GET]}" onto public java.lang.String com.blog.web.TypeShowController.types(org.springframework.data.domain.Pageable,java.lang.Long,org.springframework.ui.Model)
10:29:33.670 INFO  o.s.w.s.m.m.a.RequestMappingHandlerMapping [543] - Mapped "{[/error]}" onto public org.springframework.http.ResponseEntity<java.util.Map<java.lang.String, java.lang.Object>> org.springframework.boot.autoconfigure.web.BasicErrorController.error(javax.servlet.http.HttpServletRequest)
10:29:33.670 INFO  o.s.w.s.m.m.a.RequestMappingHandlerMapping [543] - Mapped "{[/error],produces=[text/html]}" onto public org.springframework.web.servlet.ModelAndView org.springframework.boot.autoconfigure.web.BasicErrorController.errorHtml(javax.servlet.http.HttpServletRequest,javax.servlet.http.HttpServletResponse)
10:29:33.710 INFO  o.s.w.s.h.SimpleUrlHandlerMapping [362] - Mapped URL path [/webjars/**] onto handler of type [class org.springframework.web.servlet.resource.ResourceHttpRequestHandler]
10:29:33.710 INFO  o.s.w.s.h.SimpleUrlHandlerMapping [362] - Mapped URL path [/**] onto handler of type [class org.springframework.web.servlet.resource.ResourceHttpRequestHandler]
10:29:33.727 INFO  o.s.w.s.m.m.a.ExceptionHandlerExceptionResolver [273] - Detected @ExceptionHandler methods in controllerExceptionHandler
10:29:33.754 INFO  o.s.w.s.h.SimpleUrlHandlerMapping [362] - Mapped URL path [/**/favicon.ico] onto handler of type [class org.springframework.web.servlet.resource.ResourceHttpRequestHandler]
10:29:35.005 INFO  o.s.b.d.a.OptionalLiveReloadServer [58] - LiveReload server is running on port 35729
10:29:35.051 INFO  o.s.j.e.a.AnnotationMBeanExporter [431] - Registering beans for JMX exposure on startup
10:29:35.148 INFO  o.a.coyote.http11.Http11NioProtocol [179] - Initializing ProtocolHandler ["http-nio-8080"]
10:29:35.156 INFO  o.a.coyote.http11.Http11NioProtocol [179] - Starting ProtocolHandler ["http-nio-8080"]
10:29:35.169 INFO  o.a.tomcat.util.net.NioSelectorPool [179] - Using a shared selector for servlet write/read
10:29:35.197 INFO  o.s.b.c.e.t.TomcatEmbeddedServletContainer [201] - Tomcat started on port(s): 8080 (http)
10:29:35.226 INFO  com.blog.BlogApplication [57] - Started BlogApplication in 33.63 seconds (JVM running for 36.457)
10:29:42.002 INFO  o.a.c.c.C.[Tomcat].[localhost].[/] [179] - Initializing Spring FrameworkServlet 'dispatcherServlet'
10:29:42.002 INFO  o.s.web.servlet.DispatcherServlet [489] - FrameworkServlet 'dispatcherServlet': initialization started
10:29:42.043 INFO  o.s.web.servlet.DispatcherServlet [508] - FrameworkServlet 'dispatcherServlet': initialization completed in 41 ms
10:30:26.742 WARN  org.hibernate.orm.deprecation [432] - HHH90000016: Found use of deprecated 'collection property' syntax in HQL/JPQL query [null.size]; use collection function syntax instead [size(null)].
10:30:26.812 WARN  org.hibernate.orm.deprecation [432] - HHH90000016: Found use of deprecated 'collection property' syntax in HQL/JPQL query [null.size]; use collection function syntax instead [size(null)].
