16:34:47.435 INFO  com.blog.BlogApplication [48] - Starting BlogApplication on 静召的计算机 with PID 11232 (D:\IDEA\blog\target\classes started by 静召 in D:\IDEA\blog)
16:34:47.436 INFO  com.blog.BlogApplication [597] - The following profiles are active: dev
16:34:49.278 INFO  o.s.b.c.e.AnnotationConfigEmbeddedWebApplicationContext [583] - Refreshing org.springframework.boot.context.embedded.AnnotationConfigEmbeddedWebApplicationContext@4c23aa88: startup date [Tue Nov 24 16:34:49 CST 2020]; root of context hierarchy
16:34:50.002 INFO  o.h.validator.internal.util.Version [30] - HV000001: Hibernate Validator 5.3.5.Final
16:34:53.047 INFO  o.s.b.c.e.t.TomcatEmbeddedServletContainer [89] - Tomcat initialized with port(s): 8080 (http)
16:34:53.057 INFO  o.a.catalina.core.StandardService [179] - Starting service [Tomcat]
16:34:53.057 INFO  o.a.catalina.core.StandardEngine [179] - Starting Servlet Engine: Apache Tomcat/8.5.20
16:34:53.179 INFO  o.a.c.c.C.[Tomcat].[localhost].[/] [179] - Initializing Spring embedded WebApplicationContext
16:34:53.179 INFO  o.s.web.context.ContextLoader [276] - Root WebApplicationContext: initialization completed in 3904 ms
16:34:53.455 INFO  o.s.b.w.s.ServletRegistrationBean [190] - Mapping servlet: 'dispatcherServlet' to [/]
16:34:53.458 INFO  o.s.b.w.s.FilterRegistrationBean [258] - Mapping filter: 'characterEncodingFilter' to: [/*]
16:34:53.459 INFO  o.s.b.w.s.FilterRegistrationBean [258] - Mapping filter: 'hiddenHttpMethodFilter' to: [/*]
16:34:53.459 INFO  o.s.b.w.s.FilterRegistrationBean [258] - Mapping filter: 'httpPutFormContentFilter' to: [/*]
16:34:53.459 INFO  o.s.b.w.s.FilterRegistrationBean [258] - Mapping filter: 'requestContextFilter' to: [/*]
16:34:54.374 INFO  o.s.o.j.LocalContainerEntityManagerFactoryBean [349] - Building JPA container EntityManagerFactory for persistence unit 'default'
16:34:54.403 INFO  o.h.jpa.internal.util.LogHelper [31] - HHH000204: Processing PersistenceUnitInfo [
	name: default
	...]
16:34:54.659 INFO  org.hibernate.Version [37] - HHH000412: Hibernate Core {5.0.12.Final}
16:34:54.660 INFO  org.hibernate.cfg.Environment [213] - HHH000206: hibernate.properties not found
16:34:54.661 INFO  org.hibernate.cfg.Environment [317] - HHH000021: Bytecode provider name : javassist
16:34:54.719 INFO  o.h.annotations.common.Version [66] - HCANN000001: Hibernate Commons Annotations {5.0.1.Final}
16:34:54.895 INFO  org.hibernate.dialect.Dialect [156] - HHH000400: Using dialect: org.hibernate.dialect.MySQL5Dialect
16:34:55.308 INFO  o.h.tool.hbm2ddl.SchemaUpdate [105] - HHH000228: Running hbm2ddl schema update
16:34:55.599 INFO  o.s.o.j.LocalContainerEntityManagerFactoryBean [379] - Initialized JPA EntityManagerFactory for persistence unit 'default'
16:34:55.898 INFO  o.h.h.i.QueryTranslatorFactoryInitiator [47] - HHH000397: Using ASTQueryTranslatorFactory
16:34:56.737 INFO  o.s.w.s.m.m.a.RequestMappingHandlerAdapter [534] - Looking for @ControllerAdvice: org.springframework.boot.context.embedded.AnnotationConfigEmbeddedWebApplicationContext@4c23aa88: startup date [Tue Nov 24 16:34:49 CST 2020]; root of context hierarchy
16:34:56.802 INFO  o.s.w.s.m.m.a.RequestMappingHandlerMapping [543] - Mapped "{[/about],methods=[GET]}" onto public java.lang.String com.blog.web.AboutShowController.about()
16:34:56.806 INFO  o.s.w.s.m.m.a.RequestMappingHandlerMapping [543] - Mapped "{[/admin/blogs/{id}/delete],methods=[GET]}" onto public java.lang.String com.blog.web.admin.BlogController.delete(java.lang.Long,org.springframework.web.servlet.mvc.support.RedirectAttributes)
16:34:56.806 INFO  o.s.w.s.m.m.a.RequestMappingHandlerMapping [543] - Mapped "{[/admin/blogs/search],methods=[POST]}" onto public java.lang.String com.blog.web.admin.BlogController.search(org.springframework.data.domain.Pageable,com.blog.vo.BlogQuery,org.springframework.ui.Model)
16:34:56.807 INFO  o.s.w.s.m.m.a.RequestMappingHandlerMapping [543] - Mapped "{[/admin/blogs],methods=[POST]}" onto public java.lang.String com.blog.web.admin.BlogController.post(com.blog.po.Blog,org.springframework.web.servlet.mvc.support.RedirectAttributes,javax.servlet.http.HttpSession)
16:34:56.807 INFO  o.s.w.s.m.m.a.RequestMappingHandlerMapping [543] - Mapped "{[/admin/blogs/input],methods=[GET]}" onto public java.lang.String com.blog.web.admin.BlogController.input(org.springframework.ui.Model)
16:34:56.808 INFO  o.s.w.s.m.m.a.RequestMappingHandlerMapping [543] - Mapped "{[/admin/blogs/{id}/input],methods=[GET]}" onto public java.lang.String com.blog.web.admin.BlogController.editInput(java.lang.Long,org.springframework.ui.Model)
16:34:56.808 INFO  o.s.w.s.m.m.a.RequestMappingHandlerMapping [543] - Mapped "{[/admin/blogs],methods=[GET]}" onto public java.lang.String com.blog.web.admin.BlogController.blogs(org.springframework.data.domain.Pageable,com.blog.vo.BlogQuery,org.springframework.ui.Model)
16:34:56.809 INFO  o.s.w.s.m.m.a.RequestMappingHandlerMapping [543] - Mapped "{[/admin],methods=[GET]}" onto public java.lang.String com.blog.web.admin.LoginController.loginPage()
16:34:56.809 INFO  o.s.w.s.m.m.a.RequestMappingHandlerMapping [543] - Mapped "{[/admin/logout],methods=[GET]}" onto public java.lang.String com.blog.web.admin.LoginController.logout(javax.servlet.http.HttpSession)
16:34:56.810 INFO  o.s.w.s.m.m.a.RequestMappingHandlerMapping [543] - Mapped "{[/admin/login],methods=[POST]}" onto public java.lang.String com.blog.web.admin.LoginController.login(java.lang.String,java.lang.String,javax.servlet.http.HttpSession,org.springframework.web.servlet.mvc.support.RedirectAttributes)
16:34:56.812 INFO  o.s.w.s.m.m.a.RequestMappingHandlerMapping [543] - Mapped "{[/admin/tags/{id}/delete],methods=[GET]}" onto public java.lang.String com.blog.web.admin.TagController.delete(java.lang.Long,org.springframework.web.servlet.mvc.support.RedirectAttributes)
16:34:56.812 INFO  o.s.w.s.m.m.a.RequestMappingHandlerMapping [543] - Mapped "{[/admin/tags],methods=[POST]}" onto public java.lang.String com.blog.web.admin.TagController.post(com.blog.po.Tag,org.springframework.validation.BindingResult,org.springframework.web.servlet.mvc.support.RedirectAttributes)
16:34:56.813 INFO  o.s.w.s.m.m.a.RequestMappingHandlerMapping [543] - Mapped "{[/admin/tags],methods=[GET]}" onto public java.lang.String com.blog.web.admin.TagController.types(org.springframework.data.domain.Pageable,org.springframework.ui.Model)
16:34:56.813 INFO  o.s.w.s.m.m.a.RequestMappingHandlerMapping [543] - Mapped "{[/admin/tags/input],methods=[GET]}" onto public java.lang.String com.blog.web.admin.TagController.input(org.springframework.ui.Model)
16:34:56.813 INFO  o.s.w.s.m.m.a.RequestMappingHandlerMapping [543] - Mapped "{[/admin/tags/{id}/input],methods=[GET]}" onto public java.lang.String com.blog.web.admin.TagController.editInput(java.lang.Long,org.springframework.ui.Model)
16:34:56.814 INFO  o.s.w.s.m.m.a.RequestMappingHandlerMapping [543] - Mapped "{[/admin/tags/{id}],methods=[POST]}" onto public java.lang.String com.blog.web.admin.TagController.editPost(com.blog.po.Tag,org.springframework.validation.BindingResult,java.lang.Long,org.springframework.web.servlet.mvc.support.RedirectAttributes)
16:34:56.816 INFO  o.s.w.s.m.m.a.RequestMappingHandlerMapping [543] - Mapped "{[/admin/types/{id}/delete],methods=[GET]}" onto public java.lang.String com.blog.web.admin.TypeController.delete(java.lang.Long,org.springframework.web.servlet.mvc.support.RedirectAttributes)
16:34:56.816 INFO  o.s.w.s.m.m.a.RequestMappingHandlerMapping [543] - Mapped "{[/admin/types],methods=[POST]}" onto public java.lang.String com.blog.web.admin.TypeController.post(com.blog.po.Type,org.springframework.validation.BindingResult,org.springframework.web.servlet.mvc.support.RedirectAttributes)
16:34:56.816 INFO  o.s.w.s.m.m.a.RequestMappingHandlerMapping [543] - Mapped "{[/admin/types],methods=[GET]}" onto public java.lang.String com.blog.web.admin.TypeController.types(org.springframework.data.domain.Pageable,org.springframework.ui.Model)
16:34:56.816 INFO  o.s.w.s.m.m.a.RequestMappingHandlerMapping [543] - Mapped "{[/admin/types/input],methods=[GET]}" onto public java.lang.String com.blog.web.admin.TypeController.input(org.springframework.ui.Model)
16:34:56.817 INFO  o.s.w.s.m.m.a.RequestMappingHandlerMapping [543] - Mapped "{[/admin/types/{id}/input],methods=[GET]}" onto public java.lang.String com.blog.web.admin.TypeController.editInput(java.lang.Long,org.springframework.ui.Model)
16:34:56.817 INFO  o.s.w.s.m.m.a.RequestMappingHandlerMapping [543] - Mapped "{[/admin/types/{id}],methods=[POST]}" onto public java.lang.String com.blog.web.admin.TypeController.editPost(com.blog.po.Type,org.springframework.validation.BindingResult,java.lang.Long,org.springframework.web.servlet.mvc.support.RedirectAttributes)
16:34:56.819 INFO  o.s.w.s.m.m.a.RequestMappingHandlerMapping [543] - Mapped "{[/archives],methods=[GET]}" onto public java.lang.String com.blog.web.ArchiveShowController.archives(org.springframework.ui.Model)
16:34:56.820 INFO  o.s.w.s.m.m.a.RequestMappingHandlerMapping [543] - Mapped "{[/comments],methods=[POST]}" onto public java.lang.String com.blog.web.CommentController.post(com.blog.po.Comment,javax.servlet.http.HttpSession)
16:34:56.820 INFO  o.s.w.s.m.m.a.RequestMappingHandlerMapping [543] - Mapped "{[/comments/{blogId}],methods=[GET]}" onto public java.lang.String com.blog.web.CommentController.comments(java.lang.Long,org.springframework.ui.Model)
16:34:56.821 INFO  o.s.w.s.m.m.a.RequestMappingHandlerMapping [543] - Mapped "{[/],methods=[GET]}" onto public java.lang.String com.blog.web.IndexController.index(org.springframework.data.domain.Pageable,org.springframework.ui.Model)
16:34:56.821 INFO  o.s.w.s.m.m.a.RequestMappingHandlerMapping [543] - Mapped "{[/search],methods=[POST]}" onto public java.lang.String com.blog.web.IndexController.search(org.springframework.data.domain.Pageable,java.lang.String,org.springframework.ui.Model)
16:34:56.821 INFO  o.s.w.s.m.m.a.RequestMappingHandlerMapping [543] - Mapped "{[/blog/{id}],methods=[GET]}" onto public java.lang.String com.blog.web.IndexController.blog(java.lang.Long,org.springframework.ui.Model)
16:34:56.822 INFO  o.s.w.s.m.m.a.RequestMappingHandlerMapping [543] - Mapped "{[/footer/newblog],methods=[GET]}" onto public java.lang.String com.blog.web.IndexController.newblogs(org.springframework.ui.Model)
16:34:56.822 INFO  o.s.w.s.m.m.a.RequestMappingHandlerMapping [543] - Mapped "{[/tags/{id}],methods=[GET]}" onto public java.lang.String com.blog.web.TagShowController.types(org.springframework.data.domain.Pageable,java.lang.Long,org.springframework.ui.Model)
16:34:56.822 INFO  o.s.w.s.m.m.a.RequestMappingHandlerMapping [543] - Mapped "{[/types/{id}],methods=[GET]}" onto public java.lang.String com.blog.web.TypeShowController.types(org.springframework.data.domain.Pageable,java.lang.Long,org.springframework.ui.Model)
16:34:56.832 INFO  o.s.w.s.m.m.a.RequestMappingHandlerMapping [543] - Mapped "{[/error]}" onto public org.springframework.http.ResponseEntity<java.util.Map<java.lang.String, java.lang.Object>> org.springframework.boot.autoconfigure.web.BasicErrorController.error(javax.servlet.http.HttpServletRequest)
16:34:56.834 INFO  o.s.w.s.m.m.a.RequestMappingHandlerMapping [543] - Mapped "{[/error],produces=[text/html]}" onto public org.springframework.web.servlet.ModelAndView org.springframework.boot.autoconfigure.web.BasicErrorController.errorHtml(javax.servlet.http.HttpServletRequest,javax.servlet.http.HttpServletResponse)
16:34:56.890 INFO  o.s.w.s.h.SimpleUrlHandlerMapping [362] - Mapped URL path [/webjars/**] onto handler of type [class org.springframework.web.servlet.resource.ResourceHttpRequestHandler]
16:34:56.891 INFO  o.s.w.s.h.SimpleUrlHandlerMapping [362] - Mapped URL path [/**] onto handler of type [class org.springframework.web.servlet.resource.ResourceHttpRequestHandler]
16:34:56.907 INFO  o.s.w.s.m.m.a.ExceptionHandlerExceptionResolver [273] - Detected @ExceptionHandler methods in controllerExceptionHandler
16:34:56.929 INFO  o.s.w.s.h.SimpleUrlHandlerMapping [362] - Mapped URL path [/**/favicon.ico] onto handler of type [class org.springframework.web.servlet.resource.ResourceHttpRequestHandler]
16:34:57.650 INFO  o.s.b.d.a.OptionalLiveReloadServer [58] - LiveReload server is running on port 35729
16:34:57.694 INFO  o.s.j.e.a.AnnotationMBeanExporter [431] - Registering beans for JMX exposure on startup
16:34:57.712 INFO  o.a.coyote.http11.Http11NioProtocol [179] - Initializing ProtocolHandler ["http-nio-8080"]
16:34:57.720 INFO  o.a.coyote.http11.Http11NioProtocol [179] - Starting ProtocolHandler ["http-nio-8080"]
16:34:57.731 INFO  o.a.tomcat.util.net.NioSelectorPool [179] - Using a shared selector for servlet write/read
16:34:57.748 INFO  o.s.b.c.e.t.TomcatEmbeddedServletContainer [201] - Tomcat started on port(s): 8080 (http)
16:34:57.753 INFO  com.blog.BlogApplication [57] - Started BlogApplication in 11.819 seconds (JVM running for 17.704)
16:35:26.386 INFO  o.a.c.c.C.[Tomcat].[localhost].[/] [179] - Initializing Spring FrameworkServlet 'dispatcherServlet'
16:35:26.386 INFO  o.s.web.servlet.DispatcherServlet [489] - FrameworkServlet 'dispatcherServlet': initialization started
16:35:26.449 INFO  o.s.web.servlet.DispatcherServlet [508] - FrameworkServlet 'dispatcherServlet': initialization completed in 62 ms
16:35:26.564 WARN  org.hibernate.orm.deprecation [432] - HHH90000016: Found use of deprecated 'collection property' syntax in HQL/JPQL query [null.size]; use collection function syntax instead [size(null)].
16:35:26.595 WARN  org.hibernate.orm.deprecation [432] - HHH90000016: Found use of deprecated 'collection property' syntax in HQL/JPQL query [null.size]; use collection function syntax instead [size(null)].
18:05:33.743 INFO  com.blog.BlogApplication [48] - Starting BlogApplication on 静召的计算机 with PID 16244 (D:\IDEA\blog\target\classes started by 静召 in D:\IDEA\blog)
18:05:33.744 INFO  com.blog.BlogApplication [597] - The following profiles are active: dev
18:05:33.963 INFO  o.h.validator.internal.util.Version [30] - HV000001: Hibernate Validator 5.3.5.Final
18:05:33.982 INFO  o.s.b.c.e.AnnotationConfigEmbeddedWebApplicationContext [583] - Refreshing org.springframework.boot.context.embedded.AnnotationConfigEmbeddedWebApplicationContext@51828665: startup date [Tue Nov 24 18:05:33 CST 2020]; root of context hierarchy
18:05:35.704 INFO  o.s.b.c.e.t.TomcatEmbeddedServletContainer [89] - Tomcat initialized with port(s): 8080 (http)
18:05:35.714 INFO  o.a.catalina.core.StandardService [179] - Starting service [Tomcat]
18:05:35.715 INFO  o.a.catalina.core.StandardEngine [179] - Starting Servlet Engine: Apache Tomcat/8.5.20
18:05:35.871 INFO  o.a.c.c.C.[Tomcat].[localhost].[/] [179] - Initializing Spring embedded WebApplicationContext
18:05:35.871 INFO  o.s.web.context.ContextLoader [276] - Root WebApplicationContext: initialization completed in 1889 ms
18:05:36.130 INFO  o.s.b.w.s.ServletRegistrationBean [190] - Mapping servlet: 'dispatcherServlet' to [/]
18:05:36.133 INFO  o.s.b.w.s.FilterRegistrationBean [258] - Mapping filter: 'characterEncodingFilter' to: [/*]
18:05:36.134 INFO  o.s.b.w.s.FilterRegistrationBean [258] - Mapping filter: 'hiddenHttpMethodFilter' to: [/*]
18:05:36.134 INFO  o.s.b.w.s.FilterRegistrationBean [258] - Mapping filter: 'httpPutFormContentFilter' to: [/*]
18:05:36.134 INFO  o.s.b.w.s.FilterRegistrationBean [258] - Mapping filter: 'requestContextFilter' to: [/*]
18:05:36.612 INFO  o.s.o.j.LocalContainerEntityManagerFactoryBean [349] - Building JPA container EntityManagerFactory for persistence unit 'default'
18:05:36.623 INFO  o.h.jpa.internal.util.LogHelper [31] - HHH000204: Processing PersistenceUnitInfo [
	name: default
	...]
18:05:36.757 INFO  org.hibernate.Version [37] - HHH000412: Hibernate Core {5.0.12.Final}
18:05:36.758 INFO  org.hibernate.cfg.Environment [213] - HHH000206: hibernate.properties not found
18:05:36.759 INFO  org.hibernate.cfg.Environment [317] - HHH000021: Bytecode provider name : javassist
18:05:36.790 INFO  o.h.annotations.common.Version [66] - HCANN000001: Hibernate Commons Annotations {5.0.1.Final}
18:05:36.904 INFO  org.hibernate.dialect.Dialect [156] - HHH000400: Using dialect: org.hibernate.dialect.MySQL5Dialect
18:05:37.305 INFO  o.h.tool.hbm2ddl.SchemaUpdate [105] - HHH000228: Running hbm2ddl schema update
18:05:37.487 INFO  o.s.o.j.LocalContainerEntityManagerFactoryBean [379] - Initialized JPA EntityManagerFactory for persistence unit 'default'
18:05:37.751 INFO  o.h.h.i.QueryTranslatorFactoryInitiator [47] - HHH000397: Using ASTQueryTranslatorFactory
18:05:38.508 INFO  o.s.w.s.m.m.a.RequestMappingHandlerAdapter [534] - Looking for @ControllerAdvice: org.springframework.boot.context.embedded.AnnotationConfigEmbeddedWebApplicationContext@51828665: startup date [Tue Nov 24 18:05:33 CST 2020]; root of context hierarchy
18:05:38.569 INFO  o.s.w.s.m.m.a.RequestMappingHandlerMapping [543] - Mapped "{[/about],methods=[GET]}" onto public java.lang.String com.blog.web.AboutShowController.about()
18:05:38.575 INFO  o.s.w.s.m.m.a.RequestMappingHandlerMapping [543] - Mapped "{[/admin/blogs/{id}/delete],methods=[GET]}" onto public java.lang.String com.blog.web.admin.BlogController.delete(java.lang.Long,org.springframework.web.servlet.mvc.support.RedirectAttributes)
18:05:38.576 INFO  o.s.w.s.m.m.a.RequestMappingHandlerMapping [543] - Mapped "{[/admin/blogs/search],methods=[POST]}" onto public java.lang.String com.blog.web.admin.BlogController.search(org.springframework.data.domain.Pageable,com.blog.vo.BlogQuery,org.springframework.ui.Model)
18:05:38.576 INFO  o.s.w.s.m.m.a.RequestMappingHandlerMapping [543] - Mapped "{[/admin/blogs/input],methods=[GET]}" onto public java.lang.String com.blog.web.admin.BlogController.input(org.springframework.ui.Model)
18:05:38.577 INFO  o.s.w.s.m.m.a.RequestMappingHandlerMapping [543] - Mapped "{[/admin/blogs],methods=[POST]}" onto public java.lang.String com.blog.web.admin.BlogController.post(com.blog.po.Blog,org.springframework.web.servlet.mvc.support.RedirectAttributes,javax.servlet.http.HttpSession)
18:05:38.577 INFO  o.s.w.s.m.m.a.RequestMappingHandlerMapping [543] - Mapped "{[/admin/blogs],methods=[GET]}" onto public java.lang.String com.blog.web.admin.BlogController.blogs(org.springframework.data.domain.Pageable,com.blog.vo.BlogQuery,org.springframework.ui.Model)
18:05:38.578 INFO  o.s.w.s.m.m.a.RequestMappingHandlerMapping [543] - Mapped "{[/admin/blogs/{id}/input],methods=[GET]}" onto public java.lang.String com.blog.web.admin.BlogController.editInput(java.lang.Long,org.springframework.ui.Model)
18:05:38.579 INFO  o.s.w.s.m.m.a.RequestMappingHandlerMapping [543] - Mapped "{[/admin/login],methods=[POST]}" onto public java.lang.String com.blog.web.admin.LoginController.login(java.lang.String,java.lang.String,javax.servlet.http.HttpSession,org.springframework.web.servlet.mvc.support.RedirectAttributes)
18:05:38.580 INFO  o.s.w.s.m.m.a.RequestMappingHandlerMapping [543] - Mapped "{[/admin/logout],methods=[GET]}" onto public java.lang.String com.blog.web.admin.LoginController.logout(javax.servlet.http.HttpSession)
18:05:38.580 INFO  o.s.w.s.m.m.a.RequestMappingHandlerMapping [543] - Mapped "{[/admin],methods=[GET]}" onto public java.lang.String com.blog.web.admin.LoginController.loginPage()
18:05:38.582 INFO  o.s.w.s.m.m.a.RequestMappingHandlerMapping [543] - Mapped "{[/admin/tags/{id}/delete],methods=[GET]}" onto public java.lang.String com.blog.web.admin.TagController.delete(java.lang.Long,org.springframework.web.servlet.mvc.support.RedirectAttributes)
18:05:38.583 INFO  o.s.w.s.m.m.a.RequestMappingHandlerMapping [543] - Mapped "{[/admin/tags],methods=[GET]}" onto public java.lang.String com.blog.web.admin.TagController.types(org.springframework.data.domain.Pageable,org.springframework.ui.Model)
18:05:38.583 INFO  o.s.w.s.m.m.a.RequestMappingHandlerMapping [543] - Mapped "{[/admin/tags/input],methods=[GET]}" onto public java.lang.String com.blog.web.admin.TagController.input(org.springframework.ui.Model)
18:05:38.583 INFO  o.s.w.s.m.m.a.RequestMappingHandlerMapping [543] - Mapped "{[/admin/tags],methods=[POST]}" onto public java.lang.String com.blog.web.admin.TagController.post(com.blog.po.Tag,org.springframework.validation.BindingResult,org.springframework.web.servlet.mvc.support.RedirectAttributes)
18:05:38.584 INFO  o.s.w.s.m.m.a.RequestMappingHandlerMapping [543] - Mapped "{[/admin/tags/{id}/input],methods=[GET]}" onto public java.lang.String com.blog.web.admin.TagController.editInput(java.lang.Long,org.springframework.ui.Model)
18:05:38.584 INFO  o.s.w.s.m.m.a.RequestMappingHandlerMapping [543] - Mapped "{[/admin/tags/{id}],methods=[POST]}" onto public java.lang.String com.blog.web.admin.TagController.editPost(com.blog.po.Tag,org.springframework.validation.BindingResult,java.lang.Long,org.springframework.web.servlet.mvc.support.RedirectAttributes)
18:05:38.585 INFO  o.s.w.s.m.m.a.RequestMappingHandlerMapping [543] - Mapped "{[/admin/types/{id}/delete],methods=[GET]}" onto public java.lang.String com.blog.web.admin.TypeController.delete(java.lang.Long,org.springframework.web.servlet.mvc.support.RedirectAttributes)
18:05:38.586 INFO  o.s.w.s.m.m.a.RequestMappingHandlerMapping [543] - Mapped "{[/admin/types],methods=[GET]}" onto public java.lang.String com.blog.web.admin.TypeController.types(org.springframework.data.domain.Pageable,org.springframework.ui.Model)
18:05:38.586 INFO  o.s.w.s.m.m.a.RequestMappingHandlerMapping [543] - Mapped "{[/admin/types/input],methods=[GET]}" onto public java.lang.String com.blog.web.admin.TypeController.input(org.springframework.ui.Model)
18:05:38.586 INFO  o.s.w.s.m.m.a.RequestMappingHandlerMapping [543] - Mapped "{[/admin/types],methods=[POST]}" onto public java.lang.String com.blog.web.admin.TypeController.post(com.blog.po.Type,org.springframework.validation.BindingResult,org.springframework.web.servlet.mvc.support.RedirectAttributes)
18:05:38.587 INFO  o.s.w.s.m.m.a.RequestMappingHandlerMapping [543] - Mapped "{[/admin/types/{id}/input],methods=[GET]}" onto public java.lang.String com.blog.web.admin.TypeController.editInput(java.lang.Long,org.springframework.ui.Model)
18:05:38.587 INFO  o.s.w.s.m.m.a.RequestMappingHandlerMapping [543] - Mapped "{[/admin/types/{id}],methods=[POST]}" onto public java.lang.String com.blog.web.admin.TypeController.editPost(com.blog.po.Type,org.springframework.validation.BindingResult,java.lang.Long,org.springframework.web.servlet.mvc.support.RedirectAttributes)
18:05:38.589 INFO  o.s.w.s.m.m.a.RequestMappingHandlerMapping [543] - Mapped "{[/archives],methods=[GET]}" onto public java.lang.String com.blog.web.ArchiveShowController.archives(org.springframework.ui.Model)
18:05:38.590 INFO  o.s.w.s.m.m.a.RequestMappingHandlerMapping [543] - Mapped "{[/comments/{blogId}],methods=[GET]}" onto public java.lang.String com.blog.web.CommentController.comments(java.lang.Long,org.springframework.ui.Model)
18:05:38.590 INFO  o.s.w.s.m.m.a.RequestMappingHandlerMapping [543] - Mapped "{[/comments],methods=[POST]}" onto public java.lang.String com.blog.web.CommentController.post(com.blog.po.Comment,javax.servlet.http.HttpSession)
18:05:38.591 INFO  o.s.w.s.m.m.a.RequestMappingHandlerMapping [543] - Mapped "{[/],methods=[GET]}" onto public java.lang.String com.blog.web.IndexController.index(org.springframework.data.domain.Pageable,org.springframework.ui.Model)
18:05:38.591 INFO  o.s.w.s.m.m.a.RequestMappingHandlerMapping [543] - Mapped "{[/search],methods=[POST]}" onto public java.lang.String com.blog.web.IndexController.search(org.springframework.data.domain.Pageable,java.lang.String,org.springframework.ui.Model)
18:05:38.591 INFO  o.s.w.s.m.m.a.RequestMappingHandlerMapping [543] - Mapped "{[/blog/{id}],methods=[GET]}" onto public java.lang.String com.blog.web.IndexController.blog(java.lang.Long,org.springframework.ui.Model)
18:05:38.592 INFO  o.s.w.s.m.m.a.RequestMappingHandlerMapping [543] - Mapped "{[/footer/newblog],methods=[GET]}" onto public java.lang.String com.blog.web.IndexController.newblogs(org.springframework.ui.Model)
18:05:38.592 INFO  o.s.w.s.m.m.a.RequestMappingHandlerMapping [543] - Mapped "{[/tags/{id}],methods=[GET]}" onto public java.lang.String com.blog.web.TagShowController.types(org.springframework.data.domain.Pageable,java.lang.Long,org.springframework.ui.Model)
18:05:38.593 INFO  o.s.w.s.m.m.a.RequestMappingHandlerMapping [543] - Mapped "{[/types/{id}],methods=[GET]}" onto public java.lang.String com.blog.web.TypeShowController.types(org.springframework.data.domain.Pageable,java.lang.Long,org.springframework.ui.Model)
18:05:38.594 INFO  o.s.w.s.m.m.a.RequestMappingHandlerMapping [543] - Mapped "{[/error]}" onto public org.springframework.http.ResponseEntity<java.util.Map<java.lang.String, java.lang.Object>> org.springframework.boot.autoconfigure.web.BasicErrorController.error(javax.servlet.http.HttpServletRequest)
18:05:38.594 INFO  o.s.w.s.m.m.a.RequestMappingHandlerMapping [543] - Mapped "{[/error],produces=[text/html]}" onto public org.springframework.web.servlet.ModelAndView org.springframework.boot.autoconfigure.web.BasicErrorController.errorHtml(javax.servlet.http.HttpServletRequest,javax.servlet.http.HttpServletResponse)
18:05:38.638 INFO  o.s.w.s.h.SimpleUrlHandlerMapping [362] - Mapped URL path [/webjars/**] onto handler of type [class org.springframework.web.servlet.resource.ResourceHttpRequestHandler]
18:05:38.638 INFO  o.s.w.s.h.SimpleUrlHandlerMapping [362] - Mapped URL path [/**] onto handler of type [class org.springframework.web.servlet.resource.ResourceHttpRequestHandler]
18:05:38.654 INFO  o.s.w.s.m.m.a.ExceptionHandlerExceptionResolver [273] - Detected @ExceptionHandler methods in controllerExceptionHandler
18:05:38.673 INFO  o.s.w.s.h.SimpleUrlHandlerMapping [362] - Mapped URL path [/**/favicon.ico] onto handler of type [class org.springframework.web.servlet.resource.ResourceHttpRequestHandler]
18:05:39.277 INFO  o.s.b.d.a.OptionalLiveReloadServer [58] - LiveReload server is running on port 35729
18:05:39.321 INFO  o.s.j.e.a.AnnotationMBeanExporter [431] - Registering beans for JMX exposure on startup
18:05:39.337 INFO  o.a.coyote.http11.Http11NioProtocol [179] - Initializing ProtocolHandler ["http-nio-8080"]
18:05:39.344 INFO  o.a.coyote.http11.Http11NioProtocol [179] - Starting ProtocolHandler ["http-nio-8080"]
18:05:39.356 INFO  o.a.tomcat.util.net.NioSelectorPool [179] - Using a shared selector for servlet write/read
18:05:39.370 INFO  o.s.b.c.e.t.TomcatEmbeddedServletContainer [201] - Tomcat started on port(s): 8080 (http)
18:05:39.374 INFO  com.blog.BlogApplication [57] - Started BlogApplication in 6.076 seconds (JVM running for 7.363)
18:06:06.616 INFO  com.blog.BlogApplication [48] - Starting BlogApplication on 静召的计算机 with PID 3412 (D:\IDEA\blog\target\classes started by 静召 in D:\IDEA\blog)
18:06:06.620 INFO  com.blog.BlogApplication [597] - The following profiles are active: dev
18:06:06.787 INFO  o.h.validator.internal.util.Version [30] - HV000001: Hibernate Validator 5.3.5.Final
18:06:06.856 INFO  o.s.b.c.e.AnnotationConfigEmbeddedWebApplicationContext [583] - Refreshing org.springframework.boot.context.embedded.AnnotationConfigEmbeddedWebApplicationContext@584352c7: startup date [Tue Nov 24 18:06:06 CST 2020]; root of context hierarchy
18:06:08.767 INFO  o.s.b.c.e.t.TomcatEmbeddedServletContainer [89] - Tomcat initialized with port(s): 8080 (http)
18:06:08.777 INFO  o.a.catalina.core.StandardService [179] - Starting service [Tomcat]
18:06:08.778 INFO  o.a.catalina.core.StandardEngine [179] - Starting Servlet Engine: Apache Tomcat/8.5.20
18:06:08.909 INFO  o.a.c.c.C.[Tomcat].[localhost].[/] [179] - Initializing Spring embedded WebApplicationContext
18:06:08.909 INFO  o.s.web.context.ContextLoader [276] - Root WebApplicationContext: initialization completed in 2053 ms
18:06:09.161 INFO  o.s.b.w.s.ServletRegistrationBean [190] - Mapping servlet: 'dispatcherServlet' to [/]
18:06:09.164 INFO  o.s.b.w.s.FilterRegistrationBean [258] - Mapping filter: 'characterEncodingFilter' to: [/*]
18:06:09.165 INFO  o.s.b.w.s.FilterRegistrationBean [258] - Mapping filter: 'hiddenHttpMethodFilter' to: [/*]
18:06:09.165 INFO  o.s.b.w.s.FilterRegistrationBean [258] - Mapping filter: 'httpPutFormContentFilter' to: [/*]
18:06:09.165 INFO  o.s.b.w.s.FilterRegistrationBean [258] - Mapping filter: 'requestContextFilter' to: [/*]
18:06:09.652 INFO  o.s.o.j.LocalContainerEntityManagerFactoryBean [349] - Building JPA container EntityManagerFactory for persistence unit 'default'
18:06:09.663 INFO  o.h.jpa.internal.util.LogHelper [31] - HHH000204: Processing PersistenceUnitInfo [
	name: default
	...]
18:06:09.790 INFO  org.hibernate.Version [37] - HHH000412: Hibernate Core {5.0.12.Final}
18:06:09.791 INFO  org.hibernate.cfg.Environment [213] - HHH000206: hibernate.properties not found
18:06:09.792 INFO  org.hibernate.cfg.Environment [317] - HHH000021: Bytecode provider name : javassist
18:06:09.823 INFO  o.h.annotations.common.Version [66] - HCANN000001: Hibernate Commons Annotations {5.0.1.Final}
18:06:09.937 INFO  org.hibernate.dialect.Dialect [156] - HHH000400: Using dialect: org.hibernate.dialect.MySQL5Dialect
18:06:10.315 INFO  o.h.tool.hbm2ddl.SchemaUpdate [105] - HHH000228: Running hbm2ddl schema update
18:06:10.485 INFO  o.s.o.j.LocalContainerEntityManagerFactoryBean [379] - Initialized JPA EntityManagerFactory for persistence unit 'default'
18:06:10.731 INFO  o.h.h.i.QueryTranslatorFactoryInitiator [47] - HHH000397: Using ASTQueryTranslatorFactory
18:06:11.486 INFO  o.s.w.s.m.m.a.RequestMappingHandlerAdapter [534] - Looking for @ControllerAdvice: org.springframework.boot.context.embedded.AnnotationConfigEmbeddedWebApplicationContext@584352c7: startup date [Tue Nov 24 18:06:06 CST 2020]; root of context hierarchy
18:06:11.550 INFO  o.s.w.s.m.m.a.RequestMappingHandlerMapping [543] - Mapped "{[/about],methods=[GET]}" onto public java.lang.String com.blog.web.AboutShowController.about()
18:06:11.554 INFO  o.s.w.s.m.m.a.RequestMappingHandlerMapping [543] - Mapped "{[/admin/blogs/{id}/delete],methods=[GET]}" onto public java.lang.String com.blog.web.admin.BlogController.delete(java.lang.Long,org.springframework.web.servlet.mvc.support.RedirectAttributes)
18:06:11.554 INFO  o.s.w.s.m.m.a.RequestMappingHandlerMapping [543] - Mapped "{[/admin/blogs/search],methods=[POST]}" onto public java.lang.String com.blog.web.admin.BlogController.search(org.springframework.data.domain.Pageable,com.blog.vo.BlogQuery,org.springframework.ui.Model)
18:06:11.554 INFO  o.s.w.s.m.m.a.RequestMappingHandlerMapping [543] - Mapped "{[/admin/blogs],methods=[POST]}" onto public java.lang.String com.blog.web.admin.BlogController.post(com.blog.po.Blog,org.springframework.web.servlet.mvc.support.RedirectAttributes,javax.servlet.http.HttpSession)
18:06:11.554 INFO  o.s.w.s.m.m.a.RequestMappingHandlerMapping [543] - Mapped "{[/admin/blogs/input],methods=[GET]}" onto public java.lang.String com.blog.web.admin.BlogController.input(org.springframework.ui.Model)
18:06:11.555 INFO  o.s.w.s.m.m.a.RequestMappingHandlerMapping [543] - Mapped "{[/admin/blogs],methods=[GET]}" onto public java.lang.String com.blog.web.admin.BlogController.blogs(org.springframework.data.domain.Pageable,com.blog.vo.BlogQuery,org.springframework.ui.Model)
18:06:11.555 INFO  o.s.w.s.m.m.a.RequestMappingHandlerMapping [543] - Mapped "{[/admin/blogs/{id}/input],methods=[GET]}" onto public java.lang.String com.blog.web.admin.BlogController.editInput(java.lang.Long,org.springframework.ui.Model)
18:06:11.556 INFO  o.s.w.s.m.m.a.RequestMappingHandlerMapping [543] - Mapped "{[/admin],methods=[GET]}" onto public java.lang.String com.blog.web.admin.LoginController.loginPage()
18:06:11.557 INFO  o.s.w.s.m.m.a.RequestMappingHandlerMapping [543] - Mapped "{[/admin/logout],methods=[GET]}" onto public java.lang.String com.blog.web.admin.LoginController.logout(javax.servlet.http.HttpSession)
18:06:11.557 INFO  o.s.w.s.m.m.a.RequestMappingHandlerMapping [543] - Mapped "{[/admin/login],methods=[POST]}" onto public java.lang.String com.blog.web.admin.LoginController.login(java.lang.String,java.lang.String,javax.servlet.http.HttpSession,org.springframework.web.servlet.mvc.support.RedirectAttributes)
18:06:11.559 INFO  o.s.w.s.m.m.a.RequestMappingHandlerMapping [543] - Mapped "{[/admin/tags/{id}/delete],methods=[GET]}" onto public java.lang.String com.blog.web.admin.TagController.delete(java.lang.Long,org.springframework.web.servlet.mvc.support.RedirectAttributes)
18:06:11.560 INFO  o.s.w.s.m.m.a.RequestMappingHandlerMapping [543] - Mapped "{[/admin/tags],methods=[GET]}" onto public java.lang.String com.blog.web.admin.TagController.types(org.springframework.data.domain.Pageable,org.springframework.ui.Model)
18:06:11.560 INFO  o.s.w.s.m.m.a.RequestMappingHandlerMapping [543] - Mapped "{[/admin/tags],methods=[POST]}" onto public java.lang.String com.blog.web.admin.TagController.post(com.blog.po.Tag,org.springframework.validation.BindingResult,org.springframework.web.servlet.mvc.support.RedirectAttributes)
18:06:11.561 INFO  o.s.w.s.m.m.a.RequestMappingHandlerMapping [543] - Mapped "{[/admin/tags/input],methods=[GET]}" onto public java.lang.String com.blog.web.admin.TagController.input(org.springframework.ui.Model)
18:06:11.561 INFO  o.s.w.s.m.m.a.RequestMappingHandlerMapping [543] - Mapped "{[/admin/tags/{id}],methods=[POST]}" onto public java.lang.String com.blog.web.admin.TagController.editPost(com.blog.po.Tag,org.springframework.validation.BindingResult,java.lang.Long,org.springframework.web.servlet.mvc.support.RedirectAttributes)
18:06:11.561 INFO  o.s.w.s.m.m.a.RequestMappingHandlerMapping [543] - Mapped "{[/admin/tags/{id}/input],methods=[GET]}" onto public java.lang.String com.blog.web.admin.TagController.editInput(java.lang.Long,org.springframework.ui.Model)
18:06:11.563 INFO  o.s.w.s.m.m.a.RequestMappingHandlerMapping [543] - Mapped "{[/admin/types/{id}/delete],methods=[GET]}" onto public java.lang.String com.blog.web.admin.TypeController.delete(java.lang.Long,org.springframework.web.servlet.mvc.support.RedirectAttributes)
18:06:11.563 INFO  o.s.w.s.m.m.a.RequestMappingHandlerMapping [543] - Mapped "{[/admin/types],methods=[GET]}" onto public java.lang.String com.blog.web.admin.TypeController.types(org.springframework.data.domain.Pageable,org.springframework.ui.Model)
18:06:11.563 INFO  o.s.w.s.m.m.a.RequestMappingHandlerMapping [543] - Mapped "{[/admin/types],methods=[POST]}" onto public java.lang.String com.blog.web.admin.TypeController.post(com.blog.po.Type,org.springframework.validation.BindingResult,org.springframework.web.servlet.mvc.support.RedirectAttributes)
18:06:11.564 INFO  o.s.w.s.m.m.a.RequestMappingHandlerMapping [543] - Mapped "{[/admin/types/input],methods=[GET]}" onto public java.lang.String com.blog.web.admin.TypeController.input(org.springframework.ui.Model)
18:06:11.564 INFO  o.s.w.s.m.m.a.RequestMappingHandlerMapping [543] - Mapped "{[/admin/types/{id}],methods=[POST]}" onto public java.lang.String com.blog.web.admin.TypeController.editPost(com.blog.po.Type,org.springframework.validation.BindingResult,java.lang.Long,org.springframework.web.servlet.mvc.support.RedirectAttributes)
18:06:11.564 INFO  o.s.w.s.m.m.a.RequestMappingHandlerMapping [543] - Mapped "{[/admin/types/{id}/input],methods=[GET]}" onto public java.lang.String com.blog.web.admin.TypeController.editInput(java.lang.Long,org.springframework.ui.Model)
18:06:11.567 INFO  o.s.w.s.m.m.a.RequestMappingHandlerMapping [543] - Mapped "{[/archives],methods=[GET]}" onto public java.lang.String com.blog.web.ArchiveShowController.archives(org.springframework.ui.Model)
18:06:11.568 INFO  o.s.w.s.m.m.a.RequestMappingHandlerMapping [543] - Mapped "{[/comments],methods=[POST]}" onto public java.lang.String com.blog.web.CommentController.post(com.blog.po.Comment,javax.servlet.http.HttpSession)
18:06:11.569 INFO  o.s.w.s.m.m.a.RequestMappingHandlerMapping [543] - Mapped "{[/comments/{blogId}],methods=[GET]}" onto public java.lang.String com.blog.web.CommentController.comments(java.lang.Long,org.springframework.ui.Model)
18:06:11.569 INFO  o.s.w.s.m.m.a.RequestMappingHandlerMapping [543] - Mapped "{[/],methods=[GET]}" onto public java.lang.String com.blog.web.IndexController.index(org.springframework.data.domain.Pageable,org.springframework.ui.Model)
18:06:11.570 INFO  o.s.w.s.m.m.a.RequestMappingHandlerMapping [543] - Mapped "{[/search],methods=[POST]}" onto public java.lang.String com.blog.web.IndexController.search(org.springframework.data.domain.Pageable,java.lang.String,org.springframework.ui.Model)
18:06:11.570 INFO  o.s.w.s.m.m.a.RequestMappingHandlerMapping [543] - Mapped "{[/blog/{id}],methods=[GET]}" onto public java.lang.String com.blog.web.IndexController.blog(java.lang.Long,org.springframework.ui.Model)
18:06:11.570 INFO  o.s.w.s.m.m.a.RequestMappingHandlerMapping [543] - Mapped "{[/footer/newblog],methods=[GET]}" onto public java.lang.String com.blog.web.IndexController.newblogs(org.springframework.ui.Model)
18:06:11.570 INFO  o.s.w.s.m.m.a.RequestMappingHandlerMapping [543] - Mapped "{[/tags/{id}],methods=[GET]}" onto public java.lang.String com.blog.web.TagShowController.types(org.springframework.data.domain.Pageable,java.lang.Long,org.springframework.ui.Model)
18:06:11.571 INFO  o.s.w.s.m.m.a.RequestMappingHandlerMapping [543] - Mapped "{[/types/{id}],methods=[GET]}" onto public java.lang.String com.blog.web.TypeShowController.types(org.springframework.data.domain.Pageable,java.lang.Long,org.springframework.ui.Model)
18:06:11.573 INFO  o.s.w.s.m.m.a.RequestMappingHandlerMapping [543] - Mapped "{[/error]}" onto public org.springframework.http.ResponseEntity<java.util.Map<java.lang.String, java.lang.Object>> org.springframework.boot.autoconfigure.web.BasicErrorController.error(javax.servlet.http.HttpServletRequest)
18:06:11.573 INFO  o.s.w.s.m.m.a.RequestMappingHandlerMapping [543] - Mapped "{[/error],produces=[text/html]}" onto public org.springframework.web.servlet.ModelAndView org.springframework.boot.autoconfigure.web.BasicErrorController.errorHtml(javax.servlet.http.HttpServletRequest,javax.servlet.http.HttpServletResponse)
18:06:11.613 INFO  o.s.w.s.h.SimpleUrlHandlerMapping [362] - Mapped URL path [/webjars/**] onto handler of type [class org.springframework.web.servlet.resource.ResourceHttpRequestHandler]
18:06:11.613 INFO  o.s.w.s.h.SimpleUrlHandlerMapping [362] - Mapped URL path [/**] onto handler of type [class org.springframework.web.servlet.resource.ResourceHttpRequestHandler]
18:06:11.630 INFO  o.s.w.s.m.m.a.ExceptionHandlerExceptionResolver [273] - Detected @ExceptionHandler methods in controllerExceptionHandler
18:06:11.650 INFO  o.s.w.s.h.SimpleUrlHandlerMapping [362] - Mapped URL path [/**/favicon.ico] onto handler of type [class org.springframework.web.servlet.resource.ResourceHttpRequestHandler]
18:06:12.247 INFO  o.s.b.d.a.OptionalLiveReloadServer [58] - LiveReload server is running on port 35729
18:06:12.294 INFO  o.s.j.e.a.AnnotationMBeanExporter [431] - Registering beans for JMX exposure on startup
18:06:12.309 INFO  o.a.coyote.http11.Http11NioProtocol [179] - Initializing ProtocolHandler ["http-nio-8080"]
18:06:12.316 INFO  o.a.coyote.http11.Http11NioProtocol [179] - Starting ProtocolHandler ["http-nio-8080"]
18:06:12.327 INFO  o.a.tomcat.util.net.NioSelectorPool [179] - Using a shared selector for servlet write/read
18:06:12.341 INFO  o.s.b.c.e.t.TomcatEmbeddedServletContainer [201] - Tomcat started on port(s): 8080 (http)
18:06:12.346 INFO  com.blog.BlogApplication [57] - Started BlogApplication in 6.238 seconds (JVM running for 7.61)
