20:27:52.337 INFO  com.blog.BlogApplication [48] - Starting BlogApplication on 静召的计算机 with PID 15396 (D:\IDEA\blog\target\classes started by 静召 in D:\IDEA\blog)
20:27:52.338 INFO  com.blog.BlogApplication [597] - The following profiles are active: dev
20:27:53.613 INFO  o.s.b.c.e.AnnotationConfigEmbeddedWebApplicationContext [583] - Refreshing org.springframework.boot.context.embedded.AnnotationConfigEmbeddedWebApplicationContext@157da8e6: startup date [Mon Nov 09 20:27:53 CST 2020]; root of context hierarchy
20:27:53.648 INFO  o.h.validator.internal.util.Version [30] - HV000001: Hibernate Validator 5.3.5.Final
20:27:56.152 INFO  o.s.b.c.e.t.TomcatEmbeddedServletContainer [89] - Tomcat initialized with port(s): 8080 (http)
20:27:56.162 INFO  o.a.catalina.core.StandardService [179] - Starting service [Tomcat]
20:27:56.163 INFO  o.a.catalina.core.StandardEngine [179] - Starting Servlet Engine: Apache Tomcat/8.5.20
20:27:56.314 INFO  o.a.c.c.C.[Tomcat].[localhost].[/] [179] - Initializing Spring embedded WebApplicationContext
20:27:56.314 INFO  o.s.web.context.ContextLoader [276] - Root WebApplicationContext: initialization completed in 2702 ms
20:27:56.891 INFO  o.s.b.w.s.ServletRegistrationBean [190] - Mapping servlet: 'dispatcherServlet' to [/]
20:27:56.895 INFO  o.s.b.w.s.FilterRegistrationBean [258] - Mapping filter: 'characterEncodingFilter' to: [/*]
20:27:56.896 INFO  o.s.b.w.s.FilterRegistrationBean [258] - Mapping filter: 'hiddenHttpMethodFilter' to: [/*]
20:27:56.896 INFO  o.s.b.w.s.FilterRegistrationBean [258] - Mapping filter: 'httpPutFormContentFilter' to: [/*]
20:27:56.897 INFO  o.s.b.w.s.FilterRegistrationBean [258] - Mapping filter: 'requestContextFilter' to: [/*]
20:27:58.144 INFO  o.s.o.j.LocalContainerEntityManagerFactoryBean [349] - Building JPA container EntityManagerFactory for persistence unit 'default'
20:27:58.447 INFO  o.h.jpa.internal.util.LogHelper [31] - HHH000204: Processing PersistenceUnitInfo [
	name: default
	...]
20:27:59.231 INFO  org.hibernate.Version [37] - HHH000412: Hibernate Core {5.0.12.Final}
20:27:59.234 INFO  org.hibernate.cfg.Environment [213] - HHH000206: hibernate.properties not found
20:27:59.235 INFO  org.hibernate.cfg.Environment [317] - HHH000021: Bytecode provider name : javassist
20:28:00.118 INFO  o.h.annotations.common.Version [66] - HCANN000001: Hibernate Commons Annotations {5.0.1.Final}
20:28:01.307 INFO  org.hibernate.dialect.Dialect [156] - HHH000400: Using dialect: org.hibernate.dialect.MySQL5Dialect
20:28:02.014 INFO  o.h.tool.hbm2ddl.SchemaUpdate [105] - HHH000228: Running hbm2ddl schema update
20:28:02.455 INFO  o.h.t.s.e.i.InformationExtractorJdbcDatabaseMetaDataImpl [365] - HHH000262: Table not found: t_blog
20:28:02.458 INFO  o.h.t.s.e.i.InformationExtractorJdbcDatabaseMetaDataImpl [365] - HHH000262: Table not found: t_blog
20:28:02.916 INFO  o.h.t.s.e.i.InformationExtractorJdbcDatabaseMetaDataImpl [365] - HHH000262: Table not found: t_blog_tags
20:28:02.917 INFO  o.h.t.s.e.i.InformationExtractorJdbcDatabaseMetaDataImpl [365] - HHH000262: Table not found: t_blog_tags
20:28:03.158 INFO  o.h.t.s.e.i.InformationExtractorJdbcDatabaseMetaDataImpl [365] - HHH000262: Table not found: t_comment
20:28:03.161 INFO  o.h.t.s.e.i.InformationExtractorJdbcDatabaseMetaDataImpl [365] - HHH000262: Table not found: t_comment
20:28:03.396 INFO  o.h.t.s.e.i.InformationExtractorJdbcDatabaseMetaDataImpl [365] - HHH000262: Table not found: t_tag
20:28:03.397 INFO  o.h.t.s.e.i.InformationExtractorJdbcDatabaseMetaDataImpl [365] - HHH000262: Table not found: t_tag
20:28:03.995 INFO  o.h.t.s.e.i.InformationExtractorJdbcDatabaseMetaDataImpl [365] - HHH000262: Table not found: t_type
20:28:03.996 INFO  o.h.t.s.e.i.InformationExtractorJdbcDatabaseMetaDataImpl [365] - HHH000262: Table not found: t_type
20:28:05.073 INFO  o.h.t.s.e.i.InformationExtractorJdbcDatabaseMetaDataImpl [365] - HHH000262: Table not found: t_user
20:28:05.075 INFO  o.h.t.s.e.i.InformationExtractorJdbcDatabaseMetaDataImpl [365] - HHH000262: Table not found: t_user
20:28:12.131 INFO  o.s.o.j.LocalContainerEntityManagerFactoryBean [379] - Initialized JPA EntityManagerFactory for persistence unit 'default'
20:28:12.978 INFO  o.s.w.s.m.m.a.RequestMappingHandlerAdapter [534] - Looking for @ControllerAdvice: org.springframework.boot.context.embedded.AnnotationConfigEmbeddedWebApplicationContext@157da8e6: startup date [Mon Nov 09 20:27:53 CST 2020]; root of context hierarchy
20:28:13.159 INFO  o.s.w.s.m.m.a.RequestMappingHandlerMapping [543] - Mapped "{[/],methods=[GET]}" onto public java.lang.String com.blog.web.IndexController.index()
20:28:13.160 INFO  o.s.w.s.m.m.a.RequestMappingHandlerMapping [543] - Mapped "{[/blog],methods=[GET]}" onto public java.lang.String com.blog.web.IndexController.blog()
20:28:13.163 INFO  o.s.w.s.m.m.a.RequestMappingHandlerMapping [543] - Mapped "{[/error]}" onto public org.springframework.http.ResponseEntity<java.util.Map<java.lang.String, java.lang.Object>> org.springframework.boot.autoconfigure.web.BasicErrorController.error(javax.servlet.http.HttpServletRequest)
20:28:13.163 INFO  o.s.w.s.m.m.a.RequestMappingHandlerMapping [543] - Mapped "{[/error],produces=[text/html]}" onto public org.springframework.web.servlet.ModelAndView org.springframework.boot.autoconfigure.web.BasicErrorController.errorHtml(javax.servlet.http.HttpServletRequest,javax.servlet.http.HttpServletResponse)
20:28:13.203 INFO  o.s.w.s.h.SimpleUrlHandlerMapping [362] - Mapped URL path [/webjars/**] onto handler of type [class org.springframework.web.servlet.resource.ResourceHttpRequestHandler]
20:28:13.204 INFO  o.s.w.s.h.SimpleUrlHandlerMapping [362] - Mapped URL path [/**] onto handler of type [class org.springframework.web.servlet.resource.ResourceHttpRequestHandler]
20:28:13.222 INFO  o.s.w.s.m.m.a.ExceptionHandlerExceptionResolver [273] - Detected @ExceptionHandler methods in controllerExceptionHandler
20:28:13.249 INFO  o.s.w.s.h.SimpleUrlHandlerMapping [362] - Mapped URL path [/**/favicon.ico] onto handler of type [class org.springframework.web.servlet.resource.ResourceHttpRequestHandler]
20:28:14.837 INFO  o.s.b.d.a.OptionalLiveReloadServer [58] - LiveReload server is running on port 35729
20:28:14.881 INFO  o.s.j.e.a.AnnotationMBeanExporter [431] - Registering beans for JMX exposure on startup
20:28:14.932 INFO  o.a.coyote.http11.Http11NioProtocol [179] - Initializing ProtocolHandler ["http-nio-8080"]
20:28:14.956 INFO  o.a.coyote.http11.Http11NioProtocol [179] - Starting ProtocolHandler ["http-nio-8080"]
20:28:14.968 INFO  o.a.tomcat.util.net.NioSelectorPool [179] - Using a shared selector for servlet write/read
20:28:14.998 INFO  o.s.b.c.e.t.TomcatEmbeddedServletContainer [201] - Tomcat started on port(s): 8080 (http)
20:28:15.036 INFO  com.blog.BlogApplication [57] - Started BlogApplication in 23.991 seconds (JVM running for 26.585)
